<?xml version="1.0" encoding="UTF-8"?>
<testng-results skipped="0" failed="0" ignored="0" total="1" passed="1">
  <reporter-output>
    <line>
      <![CDATA[Driver Launched]]>
    </line>
  </reporter-output>
  <suite name="Default suite" duration-ms="5140" started-at="2018-04-23T13:48:27Z" finished-at="2018-04-23T13:48:33Z">
    <groups>
      <group name="sampleTest01">
        <method signature="TestCase2.m1()[pri:0, instance:com.maventest.mavens.TestCase2@47c62251]" name="m1" class="com.maventest.mavens.TestCase2"/>
      </group> <!-- sampleTest01 -->
    </groups>
    <test name="Default test" duration-ms="5140" started-at="2018-04-23T13:48:27Z" finished-at="2018-04-23T13:48:33Z">
      <class name="com.maventest.mavens.TestCase2">
        <test-method status="PASS" signature="m1()[pri:0, instance:com.maventest.mavens.TestCase2@47c62251]" name="m1" duration-ms="5106" started-at="2018-04-23T19:18:27Z" finished-at="2018-04-23T19:18:33Z">
          <reporter-output>
            <line>
              <![CDATA[Driver Launched]]>
            </line>
          </reporter-output>
        </test-method> <!-- m1 -->
      </class> <!-- com.maventest.mavens.TestCase2 -->
    </test> <!-- Default test -->
  </suite> <!-- Default suite -->
</testng-results>
